Send POST https://api.jpush.cn/v3/push, body:{"platform":"all","audience":"all","notification":{"alert":"Hi, JPush"},"options":{"sendno":21997,"apns_production":false}}, times:1
Send POST https://api.jpush.cn/v3/push, body:{"platform":"all","audience":"all","notification":{"alert":"Hi, JPush"},"options":{"sendno":78025,"apns_production":false}}, times:1
Send POST https://api.jpush.cn/v3/push, body:{"platform":"all","audience":"all","notification":{"alert":"Hi, JPush"},"options":{"sendno":45157,"apns_production":false}}, times:1
Send POST https://api.jpush.cn/v3/push, body:{"platform":"all","audience":"all","notification":{"alert":"Hi, JPush"},"options":{"sendno":76612,"apns_production":false}}, times:1
Send POST https://api.jpush.cn/v3/push, body:{"platform":"all","audience":"all","notification":{"alert":"Hi, JPush"},"options":{"sendno":87961,"apns_production":false}}, times:1
Send POST https://api.jpush.cn/v3/push, body:{"platform":"all","audience":"all","notification":{"alert":"Hi, JPush"},"options":{"sendno":51617,"apns_production":false}}, times:1
Send POST https://api.jpush.cn/v3/push, body:{"platform":"all","audience":"all","notification":{"alert":"Hi, JPush"},"options":{"sendno":85501,"apns_production":false}}, times:1
Send POST https://api.jpush.cn/v3/push, body:{"platform":"all","audience":"all","notification":{"alert":"Hi, JPush"},"options":{"sendno":67883,"apns_production":false}}, times:1
Send POST https://api.jpush.cn/v3/push, body:{"platform":["android"],"audience":{"alias":["xiao"]},"notification":{"android":{"alert":"123\u8bf7\u6c42\u6dfb\u52a0\u60a8\u4e3a\u597d\u53cb","builder_id":1,"extras":{"newFriend":"123"}}},"options":{"sendno":100000,"time_to_live":3600,"apns_production":false}}, times:1
Send POST https://api.jpush.cn/v3/push, body:{"platform":["android"],"audience":{"alias":["123"]},"notification":{"android":{"alert":"123\u8bf7\u6c42\u6dfb\u52a0\u60a8\u4e3a\u597d\u53cb","builder_id":1,"extras":{"newFriend":"123"}}},"options":{"sendno":100000,"time_to_live":3600,"apns_production":false}}, times:1
Send POST https://api.jpush.cn/v3/push, body:{"platform":["android"],"audience":{"alias":["123"]},"notification":{"android":{"alert":"123\u8bf7\u6c42\u6dfb\u52a0\u60a8\u4e3a\u597d\u53cb","builder_id":1,"extras":{"newFriend":"123"}}},"options":{"sendno":100000,"time_to_live":3600,"apns_production":false}}, times:1
Send POST https://api.jpush.cn/v3/push, body:{"platform":["android"],"audience":{"alias":["1234"]},"notification":{"android":{"alert":"123\u8bf7\u6c42\u6dfb\u52a0\u60a8\u4e3a\u597d\u53cb","builder_id":1,"extras":{"newFriend":"123"}}},"options":{"sendno":100000,"time_to_live":3600,"apns_production":false}}, times:1
Send POST https://api.jpush.cn/v3/push, body:{"platform":["android"],"audience":{"alias":["\u5f6d\u5c0f\u78ca"]},"notification":{"android":{"alert":"\u5f6d\u5c0f\u78ca\u8bf7\u6c42\u6dfb\u52a0\u60a8\u4e3a\u597d\u53cb","builder_id":1,"extras":{"newFriend":"\u5f6d\u5c0f\u78ca"}}},"options":{"sendno":100000,"time_to_live":3600,"apns_production":false}}, times:1
Send POST https://api.jpush.cn/v3/push, body:{"platform":["android"],"audience":{"alias":["\u5f6d\u5c0f\u78ca"]},"notification":{"android":{"alert":"\u5f6d\u5c0f\u78ca\u8bf7\u6c42\u6dfb\u52a0\u60a8\u4e3a\u597d\u53cb","builder_id":1,"extras":{"newFriend":"\u5f6d\u5c0f\u78ca"}}},"options":{"sendno":100000,"time_to_live":3600,"apns_production":false}}, times:1
Send POST https://api.jpush.cn/v3/push, body:{"platform":["android"],"audience":{"alias":["123"]},"notification":{"android":{"alert":"\u5f6d\u5c0f\u78ca\u8bf7\u6c42\u6dfb\u52a0\u60a8\u4e3a\u597d\u53cb","builder_id":1,"extras":{"newFriend":"\u5f6d\u5c0f\u78ca"}}},"options":{"sendno":100000,"time_to_live":3600,"apns_production":false}}, times:1
Send GET https://device.jpush.cn/v3/aliases/123?platform=android, body:, times:1
Send GET https://device.jpush.cn/v3/aliases/123?platform=android, body:, times:1
Send GET https://device.jpush.cn/v3/aliases/123?platform=android, body:, times:1
Send GET https://device.jpush.cn/v3/aliases/123?platform=android, body:, times:1
Send GET https://device.jpush.cn/v3/aliases/123?platform=android, body:, times:1
Send GET https://device.jpush.cn/v3/aliases/123?platform=android, body:, times:1
Send GET https://device.jpush.cn/v3/aliases/123?platform=android, body:, times:1
Send GET https://device.jpush.cn/v3/aliases/123?platform=android, body:, times:1
Send GET https://device.jpush.cn/v3/aliases/123?platform=android, body:, times:1
Send GET https://device.jpush.cn/v3/aliases/123, body:, times:1
Send GET https://device.jpush.cn/v3/aliases/123?platform=ios,android, body:, times:1
Send GET https://device.jpush.cn/v3/aliases/123?platform=ios,android, body:, times:1
Send GET https://device.jpush.cn/v3/aliases/123?platform=ios,android, body:, times:1
Send GET https://device.jpush.cn/v3/aliases/123?platform=ios,android, body:, times:1
Send GET https://device.jpush.cn/v3/aliases/123?platform=ios,android, body:, times:1
Send GET https://device.jpush.cn/v3/aliases/123?platform=ios,android, body:, times:1
Send GET https://device.jpush.cn/v3/aliases/123?platform=ios,android, body:, times:1
Send GET https://device.jpush.cn/v3/aliases/123?platform=ios,android, body:, times:1
Send GET https://device.jpush.cn/v3/aliases/123?platform=ios,android, body:, times:1
Send GET https://device.jpush.cn/v3/aliases/123?platform=ios,android, body:, times:1
Send GET https://device.jpush.cn/v3/aliases/123?platform=ios,android, body:, times:1
Send GET https://device.jpush.cn/v3/aliases/123?platform=ios,android, body:, times:1
Send GET https://device.jpush.cn/v3/aliases/123?platform=ios,android, body:, times:1
Send GET https://device.jpush.cn/v3/aliases/123?platform=ios,android, body:, times:1
Send GET https://device.jpush.cn/v3/aliases/123?platform=ios,android, body:, times:1
Send GET https://device.jpush.cn/v3/aliases/123?platform=ios,android, body:, times:1
Send GET https://device.jpush.cn/v3/aliases/123?platform=ios,android, body:, times:1
Send GET https://device.jpush.cn/v3/aliases/123?platform=ios,android, body:, times:1
Send GET https://device.jpush.cn/v3/aliases/123?platform=ios,android, body:, times:1
Send GET https://device.jpush.cn/v3/aliases/123?platform=ios,android, body:, times:1
Send GET https://device.jpush.cn/v3/aliases/123?platform=ios,android, body:, times:1
Send GET https://device.jpush.cn/v3/aliases/123?platform=ios,android, body:, times:1
Send GET https://device.jpush.cn/v3/aliases/123?platform=ios,android, body:, times:1
Send GET https://device.jpush.cn/v3/aliases/123?platform=ios,android, body:, times:1
Send GET https://device.jpush.cn/v3/aliases/123?platform=ios,android, body:, times:1
Send GET https://device.jpush.cn/v3/aliases/123?platform=ios,android, body:, times:1
Send GET https://device.jpush.cn/v3/aliases/123?platform=ios,android, body:, times:1
Send GET https://device.jpush.cn/v3/aliases/123?platform=ios,android, body:, times:1
Send GET https://device.jpush.cn/v3/aliases/123, body:, times:1
Send GET https://device.jpush.cn/v3/aliases/123, body:, times:1
